{
  "RSpec": {
    "coverage": {
      "/Users/lajibolala/Documents/my-academy-quest-002/app/helpers/application_helper.rb": {
        "lines": [
          1,
          null
        ]
      },
      "/Users/lajibolala/Documents/my-academy-quest-002/app/helpers/brag_documents_helper.rb": {
        "lines": [
          1,
          null
        ]
      },
      "/Users/lajibolala/Documents/my-academy-quest-002/app/helpers/quests_helper.rb": {
        "lines": [
          1,
          null
        ]
      },
      "/Users/lajibolala/Documents/my-academy-quest-002/app/controllers/quests_controller.rb": {
        "lines": [
          1,
          1,
          1,
          null,
          1,
          10,
          null,
          null,
          1,
          19,
          null,
          19,
          11,
          20,
          11,
          null,
          null,
          8,
          14,
          10,
          null,
          null,
          null,
          null,
          1,
          15,
          15,
          28,
          15,
          null,
          null,
          null,
          1,
          14,
          14,
          26,
          14,
          null,
          null,
          null,
          1,
          null,
          1,
          32,
          null,
          null,
          1,
          58,
          null,
          null,
          1,
          20,
          null,
          null
        ]
      },
      "/Users/lajibolala/Documents/my-academy-quest-002/app/controllers/application_controller.rb": {
        "lines": [
          1,
          null,
          null,
          null
        ]
      },
      "/Users/lajibolala/Documents/my-academy-quest-002/app/models/quest.rb": {
        "lines": [
          1,
          1,
          null,
          3,
          3,
          null
        ]
      },
      "/Users/lajibolala/Documents/my-academy-quest-002/app/models/application_record.rb": {
        "lines": [
          1,
          1,
          null
        ]
      },
      "/Users/lajibolala/Documents/my-academy-quest-002/app/controllers/brag_documents_controller.rb": {
        "lines": [
          1,
          1,
          null,
          null
        ]
      },
      "/Users/lajibolala/Documents/my-academy-quest-002/app/jobs/application_job.rb": {
        "lines": [
          0,
          null,
          null,
          null,
          null,
          null,
          0
        ],
        "branches": {}
      },
      "/Users/lajibolala/Documents/my-academy-quest-002/app/mailers/application_mailer.rb": {
        "lines": [
          0,
          0,
          0,
          0
        ],
        "branches": {}
      }
    },
    "timestamp": 1755456411
  }
}
