{
  "RSpec": {
    "coverage": {
      "/Users/lajibolala/Documents/my-academy-quest-002/app/helpers/application_helper.rb": {
        "lines": [
          1,
          null
        ]
      },
      "/Users/lajibolala/Documents/my-academy-quest-002/app/helpers/brag_documents_helper.rb": {
        "lines": [
          1,
          null
        ]
      },
      "/Users/lajibolala/Documents/my-academy-quest-002/app/helpers/quests_helper.rb": {
        "lines": [
          1,
          null
        ]
      },
      "/Users/lajibolala/Documents/my-academy-quest-002/app/models/quest.rb": {
        "lines": [
          1,
          1,
          null,
          3,
          3,
          null
        ]
      },
      "/Users/lajibolala/Documents/my-academy-quest-002/app/models/application_record.rb": {
        "lines": [
          1,
          1,
          null
        ]
      },
      "/Users/lajibolala/Documents/my-academy-quest-002/app/controllers/application_controller.rb": {
        "lines": [
          0,
          null,
          null,
          0
        ],
        "branches": {}
      },
      "/Users/lajibolala/Documents/my-academy-quest-002/app/controllers/brag_documents_controller.rb": {
        "lines": [
          0,
          0,
          0,
          0
        ],
        "branches": {}
      },
      "/Users/lajibolala/Documents/my-academy-quest-002/app/controllers/quests_controller.rb": {
        "lines": [
          0,
          0,
          0,
          null,
          0,
          0,
          0,
          null,
          0,
          0,
          null,
          0,
          0,
          0,
          0,
          0,
          0,
          0,
          0,
          0,
          0,
          0,
          0,
          null,
          0,
          0,
          0,
          0,
          0,
          0,
          0,
          null,
          0,
          0,
          0,
          0,
          0,
          0,
          0,
          null,
          0,
          null,
          0,
          0,
          0,
          null,
          0,
          0,
          0,
          null,
          0,
          0,
          0,
          0
        ],
        "branches": {}
      },
      "/Users/lajibolala/Documents/my-academy-quest-002/app/jobs/application_job.rb": {
        "lines": [
          0,
          null,
          null,
          null,
          null,
          null,
          0
        ],
        "branches": {}
      },
      "/Users/lajibolala/Documents/my-academy-quest-002/app/mailers/application_mailer.rb": {
        "lines": [
          0,
          0,
          0,
          0
        ],
        "branches": {}
      }
    },
    "timestamp": 1755459428
  }
}
